2009-03-30 08:19:10,583 [10] DEBUG XMLTV2MXF.XMLTV2MXF_MainGUI [(null)] - Hello World
2009-03-30 08:21:53,722 XMLTV2MXF.XMLTV2MXF_MainGUI DEBUG: Hello World
2009-03-30 08:22:58,159|XMLTV2MXF.XMLTV2MXF_MainGUI|DEBUG|Hello World
2009-03-30 08:23:22,909|XMLTV2MXF.XMLTV2MXF_MainGUI|DEBUG|Hello World
2009-03-30 08:23:41,175|XMLTV2MXF.XMLTV2MXF_MainGUI|DEBUG|Hello World
2009-03-30 08:28:26,267|XMLTV2MXF.XMLTV2MXF_MainGUI|DEBUG|Hello World
2009-03-30 08:30:05,500|XMLTV2MXF.XMLTV2MXF_MainGUI|DEBUG|Hello World|
2009-03-30 08:31:04,813|XMLTV2MXF.XMLTV2MXF_MainGUI|DEBUG|Hello World|
2009-03-30 08:31:38,078|XMLTV2MXF.XMLTV2MXF_MainGUI|DEBUG|Hello World|
2009-03-30 08:32:17,515|XMLTV2MXF.XMLTV2MXF_MainGUI|DEBUG|Hello World|
2009-03-30 08:33:26,609|XMLTV2MXF.XMLTV2MXF_MainGUI|DEBUG|Hello World|
2009-03-30 08:33:26,655|XMLTV2MXF.XMLTV2MXF_MainGUI|INFO |All is good|
2009-03-30 08:33:26,655|XMLTV2MXF.XMLTV2MXF_MainGUI|ERROR|Something Bad|
2009-03-30 08:34:07,952|XMLTV2MXF.XMLTV2MXF_MainGUI|DEBUG|Hello World|
2009-03-30 08:34:07,968|XMLTV2MXF.XMLTV2MXF_MainGUI|INFO |All is good|
2009-03-30 08:34:07,968|XMLTV2MXF.XMLTV2MXF_MainGUI|ERROR|Something Bad|
2009-03-30 08:43:25,933|XMLTV2MXF.XMLTV2MXF|DEBUG|Starting up|
2009-03-30 08:43:25,948|XMLTV2MXF.XMLTV2MXF|DEBUG|About to read in channels xml file|
2009-03-30 08:43:25,980|XMLTV2MXF.XMLTV2MXF|DEBUG|About to process input xmltv file|
2009-03-30 08:43:26,011|XMLTV2MXF.XMLTV2MXF|DEBUG|About to create and output MXF file|
2009-03-30 08:43:26,089|XMLTV2MXF.XMLTV2MXF|DEBUG|Finished|
2009-03-30 08:50:51,026|XMLTV2MXF.XMLTV2MXF_MainGUI|DEBUG|Version: 0.9.9.2|
2009-03-30 08:50:51,042|XMLTV2MXF.XMLTV2MXF_MainGUI|DEBUG|In GUI mode|
2009-03-30 08:50:51,042|XMLTV2MXF.XMLTV2MXF_MainGUI|DEBUG|Set logging level to: 0|
2009-03-30 08:50:51,042|XMLTV2MXF.XMLTV2MXF_MainGUI|DEBUG|Configuring Controls:|
2009-03-30 08:50:56,542|XMLTV2MXF.XMLTV2MXF_MainGUI|DEBUG|btnExecute clicked - saving, then starting processing|
2009-03-30 08:50:56,542|XMLTV2MXF.XMLTV2MXF_MainGUI|DEBUG|Modding Settings|
2009-03-30 08:50:56,542|XMLTV2MXF.XMLTV2MXF_MainGUI|DEBUG|Writing Channels XML file: Channels.xml|
2009-03-30 08:50:56,589|XMLTV2MXF.XMLTV2MXF_MainGUI|DEBUG|Saved Settings|
2009-03-30 08:50:56,589|XMLTV2MXF.XMLTV2MXF_MainGUI|DEBUG|Running PreProcessor if required|
2009-03-30 08:50:56,589|XMLTV2MXF.XMLTV2MXF_MainGUI|DEBUG|preProcessor set, trying to execute: c:\Guide\xmlTVNZ.exe c:\Guide\xmltvnz.xml -days 7 -nooffset default_tv1 default_tv2 default_tv3 default_c4 default_tvnz6 default_tvnz7 default_tvnzsportextra default_maori|
2009-03-30 08:50:56,589|XMLTV2MXF.XMLTV2MXF_MainGUI|INFO |Executing preProcessor command:|
2009-03-30 08:51:26,855|XMLTV2MXF.XMLTV2MXF_MainGUI|INFO |Using Debug File: Logging/xmlTVNZ 2009-03-30 08.50.57.log
xmlTVNZ v3.0.0.12
No xmlTVNZ Update Available
Getting info for channel: TV1 on TVNZ Freeview at 30 March 2009 00:00
Getting info for channel: TV2 on TVNZ Freeview at 30 March 2009 00:00
Getting info for channel: TV3 on TVNZ Freeview at 30 March 2009 00:00
Getting info for channel: C4 on TVNZ Freeview at 30 March 2009 00:00
Getting info for channel: TVNZ6 on TVNZ Freeview at 30 March 2009 00:00
Getting info for channel: Maori Television on TVNZ Freeview at 30 March 2009 00:00
Getting info for channel: TVNZ Sport Extra on TVNZ Freeview at 30 March 2009 00:00
Getting info for channel: TVNZ7 on TVNZ Freeview at 30 March 2009 00:00
Channel 'TV1' found 185 shows from 'TVNZ Freeview'
Channel 'TV2' found 266 shows from 'TVNZ Freeview'
Channel 'TV3' found 214 shows from 'TVNZ Freeview'
Channel 'C4' found 165 shows from 'TVNZ Freeview'
Channel 'TVNZ6' found 684 shows from 'TVNZ Freeview'
Channel 'Maori Television' found 124 shows from 'TVNZ Freeview'
Channel 'TVNZ Sport Extra' found 24 shows from 'TVNZ Freeview'
Channel 'TVNZ7' found 311 shows from 'TVNZ Freeview'

Time taken: 0:00:09.0796
|
2009-03-30 08:51:26,870|XMLTV2MXF.XMLTV2MXF_MainGUI|INFO |Performing Conversion:|
2009-03-30 08:51:26,870|XMLTV2MXF.XMLTV2MXF|DEBUG|Starting up|
2009-03-30 08:51:26,870|XMLTV2MXF.XMLTV2MXF|DEBUG|About to read in channels xml file|
2009-03-30 08:51:26,870|XMLTV2MXF.XMLTV2MXF|DEBUG|About to open: Channels.xml|
2009-03-30 08:51:26,870|XMLTV2MXF.XMLTV2MXF|DEBUG|About to process input xmltv file|
2009-03-30 08:51:26,870|XMLTV2MXF.XMLTV2MXF|DEBUG|Processing: c:\Guide\xmltvnz.xml|
2009-03-30 08:51:26,917|XMLTV2MXF.XMLTV2MXF|DEBUG|About to create and output MXF file|
2009-03-30 08:51:26,948|XMLTV2MXF.XMLTV2MXF|INFO |Processed Channel: tv1 wrote 185 entries |
2009-03-30 08:51:26,948|XMLTV2MXF.XMLTV2MXF|INFO |Processed Channel: tv2 wrote 266 entries |
2009-03-30 08:51:26,948|XMLTV2MXF.XMLTV2MXF|INFO |Processed Channel: tv3 wrote 214 entries |
2009-03-30 08:51:26,948|XMLTV2MXF.XMLTV2MXF|INFO |Processed Channel: c4 wrote 165 entries |
2009-03-30 08:51:26,948|XMLTV2MXF.XMLTV2MXF|INFO |Processed Channel: maori wrote 124 entries |
2009-03-30 08:51:26,948|XMLTV2MXF.XMLTV2MXF|INFO |Processed Channel: tvnz6 wrote 684 entries |
2009-03-30 08:51:26,948|XMLTV2MXF.XMLTV2MXF|INFO |Processed Channel: tvnz7 wrote 311 entries |
2009-03-30 08:51:26,964|XMLTV2MXF.XMLTV2MXF|INFO |Processed Channel: tvnzsportextra wrote 24 entries |
2009-03-30 08:51:26,964|XMLTV2MXF.XMLTV2MXF|DEBUG|Finished|
2009-03-30 08:51:26,964|XMLTV2MXF.XMLTV2MXF_MainGUI|DEBUG|Running PostProcessor if required|
2009-03-30 08:51:26,964|XMLTV2MXF.XMLTV2MXF_MainGUI|DEBUG|postProcessor set, trying to execute: c:\windows\ehome\LoadMXF.exe -i c:\Guide\Guide.MXF|
2009-03-30 08:51:26,964|XMLTV2MXF.XMLTV2MXF_MainGUI|INFO |Executing postProcessor command:|
2009-03-30 08:51:26,980|XMLTV2MXF.XMLTV2MXF_MainGUI|ERROR|Error running postProcessor! Check settings|System.ComponentModel.Win32Exception: The system cannot find the path specified
   at System.Diagnostics.Process.StartWithCreateProcess(ProcessStartInfo startInfo)
   at System.Diagnostics.Process.Start()
   at AndrewTweddle.Tools.Utilities.CommandLine.CommandLineHelper.Run(String fileName, String arguments, String& errorMessage) in C:\XMLTV2MXF_WPF\XMLTV2MXF_WPF\CommandLineHelper.cs:line 30
   at AndrewTweddle.Tools.Utilities.CommandLine.CommandLineHelper.Run(String fileName, String arguments) in C:\XMLTV2MXF_WPF\XMLTV2MXF_WPF\CommandLineHelper.cs:line 108
   at XMLTV2MXF_WPF.XMLTV2MXF_MainGUI.runProcesses() in C:\XMLTV2MXF_WPF\XMLTV2MXF_WPF\XMLTV2MXF_MainGUI.xaml.cs:line 381

2009-03-30 09:04:12,105|XMLTV2MXF.XMLTV2MXF_MainGUI|DEBUG|Version: 0.9.9.2|
2009-03-30 09:04:12,120|XMLTV2MXF.XMLTV2MXF_MainGUI|DEBUG|In GUI mode|
2009-03-30 09:04:12,120|XMLTV2MXF.XMLTV2MXF_MainGUI|DEBUG|Set logging level to: 0|
2009-03-30 09:04:12,120|XMLTV2MXF.XMLTV2MXF_MainGUI|DEBUG|Configuring Controls:|
2009-03-30 09:06:10,261|XMLTV2MXF.XMLTV2MXF_MainGUI|DEBUG|Version: 0.9.9.2|
2009-03-30 09:06:10,276|XMLTV2MXF.XMLTV2MXF_MainGUI|DEBUG|In GUI mode|
2009-03-30 09:06:10,276|XMLTV2MXF.XMLTV2MXF_MainGUI|DEBUG|Set logging level to: 0|
2009-03-30 09:06:10,276|XMLTV2MXF.XMLTV2MXF_MainGUI|DEBUG|Configuring Controls:|
2009-03-30 09:06:21,417|XMLTV2MXF.XMLTV2MXF_MainGUI|DEBUG|btnExecute clicked - saving, then starting processing|
2009-03-30 09:06:21,417|XMLTV2MXF.XMLTV2MXF_MainGUI|DEBUG|Modding Settings|
2009-03-30 09:06:21,417|XMLTV2MXF.XMLTV2MXF_MainGUI|DEBUG|Writing Channels XML file: Channels.xml|
2009-03-30 09:06:21,448|XMLTV2MXF.XMLTV2MXF_MainGUI|DEBUG|Saved Settings|
2009-03-30 09:06:21,448|XMLTV2MXF.XMLTV2MXF_MainGUI|DEBUG|Running PreProcessor if required|
2009-03-30 09:06:21,448|XMLTV2MXF.XMLTV2MXF_MainGUI|DEBUG|preProcessor set, trying to execute: c:\Guide\xmlTVNZ.exe c:\Guide\xmltvnz.xml -days 7 -nooffset default_tv1 default_tv2 default_tv3 default_c4 default_tvnz6 default_tvnz7 default_tvnzsportextra default_maori|
2009-03-30 09:06:21,464|XMLTV2MXF.XMLTV2MXF_MainGUI|INFO |Executing preProcessor command:|
2009-03-30 09:06:34,745|XMLTV2MXF.XMLTV2MXF_MainGUI|INFO |Using Debug File: Logging/xmlTVNZ 2009-03-30 09.06.21.log
xmlTVNZ v3.0.0.12
No xmlTVNZ Update Available
Getting info for channel: TV1 on TVNZ Freeview at 30 March 2009 00:00
Getting info for channel: TV2 on TVNZ Freeview at 30 March 2009 00:00
Getting info for channel: TV3 on TVNZ Freeview at 30 March 2009 00:00
Getting info for channel: C4 on TVNZ Freeview at 30 March 2009 00:00
Getting info for channel: TVNZ6 on TVNZ Freeview at 30 March 2009 00:00
Getting info for channel: Maori Television on TVNZ Freeview at 30 March 2009 00:00
Getting info for channel: TVNZ Sport Extra on TVNZ Freeview at 30 March 2009 00:00
Getting info for channel: TVNZ7 on TVNZ Freeview at 30 March 2009 00:00
Channel 'TV1' found 185 shows from 'TVNZ Freeview'
Channel 'TV2' found 266 shows from 'TVNZ Freeview'
Channel 'TV3' found 214 shows from 'TVNZ Freeview'
Channel 'C4' found 165 shows from 'TVNZ Freeview'
Channel 'TVNZ6' found 684 shows from 'TVNZ Freeview'
Channel 'Maori Television' found 124 shows from 'TVNZ Freeview'
Channel 'TVNZ Sport Extra' found 24 shows from 'TVNZ Freeview'
Channel 'TVNZ7' found 311 shows from 'TVNZ Freeview'

Time taken: 0:00:08.0546
|
2009-03-30 09:06:34,761|XMLTV2MXF.XMLTV2MXF_MainGUI|INFO |Performing Conversion:|
2009-03-30 09:06:34,761|XMLTV2MXF.XMLTV2MXF|DEBUG|Starting up|
2009-03-30 09:06:34,761|XMLTV2MXF.XMLTV2MXF|DEBUG|About to read in channels xml file|
2009-03-30 09:06:34,761|XMLTV2MXF.XMLTV2MXF|DEBUG|About to open: Channels.xml|
2009-03-30 09:06:34,761|XMLTV2MXF.XMLTV2MXF|DEBUG|About to process input xmltv file|
2009-03-30 09:06:34,761|XMLTV2MXF.XMLTV2MXF|DEBUG|Processing: c:\Guide\xmltvnz.xml|
2009-03-30 09:06:34,808|XMLTV2MXF.XMLTV2MXF|DEBUG|About to create and output MXF file|
2009-03-30 09:06:34,839|XMLTV2MXF.XMLTV2MXF|INFO |Processed Channel: tv1 wrote 185 entries |
2009-03-30 09:06:34,839|XMLTV2MXF.XMLTV2MXF|INFO |Processed Channel: tv2 wrote 266 entries |
2009-03-30 09:06:34,839|XMLTV2MXF.XMLTV2MXF|INFO |Processed Channel: tv3 wrote 214 entries |
2009-03-30 09:06:34,839|XMLTV2MXF.XMLTV2MXF|INFO |Processed Channel: c4 wrote 165 entries |
2009-03-30 09:06:34,839|XMLTV2MXF.XMLTV2MXF|INFO |Processed Channel: maori wrote 124 entries |
2009-03-30 09:06:34,839|XMLTV2MXF.XMLTV2MXF|INFO |Processed Channel: tvnz6 wrote 684 entries |
2009-03-30 09:06:34,855|XMLTV2MXF.XMLTV2MXF|INFO |Processed Channel: tvnz7 wrote 311 entries |
2009-03-30 09:06:34,855|XMLTV2MXF.XMLTV2MXF|INFO |Processed Channel: tvnzsportextra wrote 24 entries |
2009-03-30 09:06:34,855|XMLTV2MXF.XMLTV2MXF|DEBUG|Finished|
2009-03-30 09:06:34,855|XMLTV2MXF.XMLTV2MXF_MainGUI|DEBUG|Running PostProcessor if required|
2009-03-30 09:06:34,855|XMLTV2MXF.XMLTV2MXF_MainGUI|DEBUG|postProcessor set, trying to execute: c:\windows\ehome\LoadMXF.exe -i c:\Guide\Guide.MXF|
2009-03-30 09:06:34,855|XMLTV2MXF.XMLTV2MXF_MainGUI|INFO |Executing postProcessor command:|
2009-03-30 09:06:34,870|XMLTV2MXF.XMLTV2MXF_MainGUI|ERROR|Error running postProcessor! Check settings|System.ComponentModel.Win32Exception: The system cannot find the path specified
   at System.Diagnostics.Process.StartWithCreateProcess(ProcessStartInfo startInfo)
   at System.Diagnostics.Process.Start()
   at AndrewTweddle.Tools.Utilities.CommandLine.CommandLineHelper.Run(String fileName, String arguments, String& errorMessage) in C:\XMLTV2MXF_WPF\XMLTV2MXF_WPF\CommandLineHelper.cs:line 30
   at AndrewTweddle.Tools.Utilities.CommandLine.CommandLineHelper.Run(String fileName, String arguments) in C:\XMLTV2MXF_WPF\XMLTV2MXF_WPF\CommandLineHelper.cs:line 108
   at XMLTV2MXF_WPF.XMLTV2MXF_MainGUI.runProcesses() in C:\XMLTV2MXF_WPF\XMLTV2MXF_WPF\XMLTV2MXF_MainGUI.xaml.cs:line 381

2009-03-30 09:06:56,386|XMLTV2MXF.XMLTV2MXF_MainGUI|DEBUG|btnExit Clicked - checking save|
2009-03-30 09:06:57,776|XMLTV2MXF.XMLTV2MXF_MainGUI|INFO |Saving then exiting...|
2009-03-30 09:06:57,776|XMLTV2MXF.XMLTV2MXF_MainGUI|DEBUG|Modding Settings|
2009-03-30 09:06:57,776|XMLTV2MXF.XMLTV2MXF_MainGUI|DEBUG|Writing Channels XML file: Channels.xml|
2009-03-30 09:06:57,808|XMLTV2MXF.XMLTV2MXF_MainGUI|DEBUG|Saved Settings|
